2014/02/13 23:29:44 [error] [exception.CHttpException.404] exception 'CHttpException' with message 'Unable to resolve the request "gii".' in C:\Winginx\home\magaz\public_html\yii\framework\web\CWebApplication.php:286
Stack trace:
#0 C:\Winginx\home\magaz\public_html\yii\framework\web\CWebApplication.php(141): CWebApplication->runController('gii')
#1 C:\Winginx\home\magaz\public_html\yii\framework\base\CApplication.php(180): CWebApplication->processRequest()
#2 C:\Winginx\home\magaz\public_html\index.php(13): CApplication->run()
#3 {main}
REQUEST_URI=/index.php?r=gii
---
2014/02/13 23:32:53 [error] [exception.CException] exception 'CException' with message 'CAssetManager.basePath "C:\Winginx\home\magaz\public_html\assets" is invalid. Please make sure the directory exists and is writable by the Web server process.' in C:\Winginx\home\magaz\public_html\yii\framework\web\CAssetManager.php:138
Stack trace:
#0 C:\Winginx\home\magaz\public_html\yii\framework\web\CAssetManager.php(123): CAssetManager->setBasePath('C:\Winginx\home...')
#1 C:\Winginx\home\magaz\public_html\yii\framework\web\CAssetManager.php(217): CAssetManager->getBasePath()
#2 C:\Winginx\home\magaz\public_html\yii\framework\gii\GiiModule.php(143): CAssetManager->publish('C:\Winginx\home...')
#3 C:\Winginx\home\magaz\public_html\yii\framework\base\CComponent.php(111): GiiModule->getAssetsUrl()
#4 C:\Winginx\home\magaz\public_html\yii\framework\base\CModule.php(105): CComponent->__get('assetsUrl')
#5 C:\Winginx\home\magaz\public_html\yii\framework\gii\views\layouts\main.php(5): CModule->__get('assetsUrl')
#6 C:\Winginx\home\magaz\public_html\yii\framework\web\CBaseController.php(126): require('C:\Winginx\home...')
#7 C:\Winginx\home\magaz\public_html\yii\framework\web\CBaseController.php(95): CBaseController->renderInternal('C:\Winginx\home...', Array, true)
#8 C:\Winginx\home\magaz\public_html\yii\framework\web\widgets\CContentDecorator.php(76): CBaseController->renderFile('C:\Winginx\home...', Array, true)
#9 C:\Winginx\home\magaz\public_html\yii\framework\web\widgets\CContentDecorator.php(54): CContentDecorator->decorate('<div class="con...')
#10 C:\Winginx\home\magaz\public_html\yii\framework\web\widgets\COutputProcessor.php(44): CContentDecorator->processOutput('<div class="con...')
#11 C:\Winginx\home\magaz\public_html\yii\framework\web\CBaseController.php(206): COutputProcessor->run()
#12 C:\Winginx\home\magaz\public_html\yii\framework\web\CBaseController.php(300): CBaseController->endWidget('CContentDecorat...')
#13 C:\Winginx\home\magaz\public_html\yii\framework\gii\views\layouts\column1.php(7): CBaseController->endContent()
#14 C:\Winginx\home\magaz\public_html\yii\framework\web\CBaseController.php(126): require('C:\Winginx\home...')
#15 C:\Winginx\home\magaz\public_html\yii\framework\web\CBaseController.php(95): CBaseController->renderInternal('C:\Winginx\home...', Array, true)
#16 C:\Winginx\home\magaz\public_html\yii\framework\web\CController.php(784): CBaseController->renderFile('C:\Winginx\home...', Array, true)
#17 C:\Winginx\home\magaz\public_html\yii\framework\gii\controllers\DefaultController.php(17): CController->render('index')
#18 C:\Winginx\home\magaz\public_html\yii\framework\web\actions\CInlineAction.php(49): DefaultController->actionIndex()
#19 C:\Winginx\home\magaz\public_html\yii\framework\web\CController.php(308): CInlineAction->runWithParams(Array)
#20 C:\Winginx\home\magaz\public_html\yii\framework\web\CController.php(286): CController->runAction(Object(CInlineAction))
#21 C:\Winginx\home\magaz\public_html\yii\framework\web\CController.php(265): CController->runActionWithFilters(Object(CInlineAction), Array)
#22 C:\Winginx\home\magaz\public_html\yii\framework\web\CWebApplication.php(282): CController->run('')
#23 C:\Winginx\home\magaz\public_html\yii\framework\web\CWebApplication.php(141): CWebApplication->runController('gii')
#24 C:\Winginx\home\magaz\public_html\yii\framework\base\CApplication.php(180): CWebApplication->processRequest()
#25 C:\Winginx\home\magaz\public_html\index.php(13): CApplication->run()
#26 {main}
REQUEST_URI=/index.php?r=gii
---
2014/02/14 02:00:05 [error] [exception.CHttpException.404] exception 'CHttpException' with message 'Unable to resolve the request "admin".' in C:\Winginx\home\magaz\public_html\yii\framework\web\CWebApplication.php:286
Stack trace:
#0 C:\Winginx\home\magaz\public_html\yii\framework\web\CWebApplication.php(141): CWebApplication->runController('admin')
#1 C:\Winginx\home\magaz\public_html\yii\framework\base\CApplication.php(180): CWebApplication->processRequest()
#2 C:\Winginx\home\magaz\public_html\index.php(13): CApplication->run()
#3 {main}
REQUEST_URI=/index.php?r=admin
---
2014/02/14 02:00:25 [error] [exception.CHttpException.404] exception 'CHttpException' with message 'Unable to resolve the request "admin".' in C:\Winginx\home\magaz\public_html\yii\framework\web\CWebApplication.php:286
Stack trace:
#0 C:\Winginx\home\magaz\public_html\yii\framework\web\CWebApplication.php(141): CWebApplication->runController('admin')
#1 C:\Winginx\home\magaz\public_html\yii\framework\base\CApplication.php(180): CWebApplication->processRequest()
#2 C:\Winginx\home\magaz\public_html\index.php(13): CApplication->run()
#3 {main}
REQUEST_URI=/index.php?r=admin
---
2014/02/14 02:00:37 [error] [exception.CHttpException.404] exception 'CHttpException' with message 'Unable to resolve the request "admin".' in C:\Winginx\home\magaz\public_html\yii\framework\web\CWebApplication.php:286
Stack trace:
#0 C:\Winginx\home\magaz\public_html\yii\framework\web\CWebApplication.php(141): CWebApplication->runController('admin')
#1 C:\Winginx\home\magaz\public_html\yii\framework\base\CApplication.php(180): CWebApplication->processRequest()
#2 C:\Winginx\home\magaz\public_html\index.php(13): CApplication->run()
#3 {main}
REQUEST_URI=/index.php?r=admin
---
2014/02/14 02:02:20 [error] [exception.CException] exception 'CException' with message 'Alias "Admin.models.*" is invalid. Make sure it points to an existing directory or file.' in C:\Winginx\home\magaz\public_html\yii\framework\YiiBase.php:347
Stack trace:
#0 C:\Winginx\home\magaz\public_html\yii\framework\base\CModule.php(226): YiiBase::import('Admin.models.*')
#1 C:\Winginx\home\magaz\public_html\protected\modules\Admin\AdminModule.php(14): CModule->setImport(Array)
#2 C:\Winginx\home\magaz\public_html\yii\framework\base\CModule.php(90): AdminModule->init()
#3 C:\Winginx\home\magaz\public_html\yii\framework\YiiBase.php(206): CModule->__construct('admin', NULL, Array)
#4 C:\Winginx\home\magaz\public_html\yii\framework\base\CModule.php(282): YiiBase::createComponent('admin.AdminModu...', 'admin', NULL, Array)
#5 C:\Winginx\home\magaz\public_html\yii\framework\web\CWebApplication.php(337): CModule->getModule('admin')
#6 C:\Winginx\home\magaz\public_html\yii\framework\web\CWebApplication.php(276): CWebApplication->createController('admin')
#7 C:\Winginx\home\magaz\public_html\yii\framework\web\CWebApplication.php(141): CWebApplication->runController('admin')
#8 C:\Winginx\home\magaz\public_html\yii\framework\base\CApplication.php(180): CWebApplication->processRequest()
#9 C:\Winginx\home\magaz\public_html\index.php(13): CApplication->run()
#10 {main}
REQUEST_URI=/index.php?r=admin
---
2014/02/14 02:02:37 [error] [exception.CException] exception 'CException' with message 'Alias "Admin.models.*" is invalid. Make sure it points to an existing directory or file.' in C:\Winginx\home\magaz\public_html\yii\framework\YiiBase.php:347
Stack trace:
#0 C:\Winginx\home\magaz\public_html\yii\framework\base\CModule.php(226): YiiBase::import('Admin.models.*')
#1 C:\Winginx\home\magaz\public_html\protected\modules\Admin\AdminModule.php(14): CModule->setImport(Array)
#2 C:\Winginx\home\magaz\public_html\yii\framework\base\CModule.php(90): AdminModule->init()
#3 C:\Winginx\home\magaz\public_html\yii\framework\YiiBase.php(206): CModule->__construct('admin', NULL, Array)
#4 C:\Winginx\home\magaz\public_html\yii\framework\base\CModule.php(282): YiiBase::createComponent('admin.AdminModu...', 'admin', NULL, Array)
#5 C:\Winginx\home\magaz\public_html\yii\framework\web\CWebApplication.php(337): CModule->getModule('admin')
#6 C:\Winginx\home\magaz\public_html\yii\framework\web\CWebApplication.php(276): CWebApplication->createController('admin')
#7 C:\Winginx\home\magaz\public_html\yii\framework\web\CWebApplication.php(141): CWebApplication->runController('admin')
#8 C:\Winginx\home\magaz\public_html\yii\framework\base\CApplication.php(180): CWebApplication->processRequest()
#9 C:\Winginx\home\magaz\public_html\index.php(13): CApplication->run()
#10 {main}
REQUEST_URI=/index.php?r=admin
---
2014/02/14 02:02:49 [error] [exception.CHttpException.404] exception 'CHttpException' with message 'Unable to resolve the request "admin".' in C:\Winginx\home\magaz\public_html\yii\framework\web\CWebApplication.php:286
Stack trace:
#0 C:\Winginx\home\magaz\public_html\yii\framework\web\CWebApplication.php(141): CWebApplication->runController('admin')
#1 C:\Winginx\home\magaz\public_html\yii\framework\base\CApplication.php(180): CWebApplication->processRequest()
#2 C:\Winginx\home\magaz\public_html\index.php(13): CApplication->run()
#3 {main}
REQUEST_URI=/index.php?r=admin
---
2014/02/14 02:09:25 [error] [exception.CHttpException.404] exception 'CHttpException' with message 'Unable to resolve the request "admin".' in C:\Winginx\home\magaz\public_html\yii\framework\web\CWebApplication.php:286
Stack trace:
#0 C:\Winginx\home\magaz\public_html\yii\framework\web\CWebApplication.php(141): CWebApplication->runController('admin')
#1 C:\Winginx\home\magaz\public_html\yii\framework\base\CApplication.php(180): CWebApplication->processRequest()
#2 C:\Winginx\home\magaz\public_html\index.php(13): CApplication->run()
#3 {main}
REQUEST_URI=/index.php?r=admin
---
2014/02/14 02:09:51 [error] [exception.CHttpException.404] exception 'CHttpException' with message 'Unable to resolve the request "sgii".' in C:\Winginx\home\magaz\public_html\yii\framework\web\CWebApplication.php:286
Stack trace:
#0 C:\Winginx\home\magaz\public_html\yii\framework\web\CWebApplication.php(141): CWebApplication->runController('sgii')
#1 C:\Winginx\home\magaz\public_html\yii\framework\base\CApplication.php(180): CWebApplication->processRequest()
#2 C:\Winginx\home\magaz\public_html\index.php(13): CApplication->run()
#3 {main}
REQUEST_URI=/index.php?r=sgii
---
